Using pre-set license
Built from '2021.3/staging' branch; Version is '2021.3.1f1 (3b70a0754835) revision 3895456'; Using compiler version '192829333'; Build Type 'Release'
OS: 'Windows 10  (10.0.19044) 64bit Core' Language: 'en' Physical Memory: 20357 MB
BatchMode: 1, IsHumanControllingUs: 0, StartBugReporterOnCrash: 0, Is64bit: 1, IsPro: 1

COMMAND LINE ARGUMENTS:
C:\Program Files\Unity\Hub\Editor\2021.3.1f1\Editor\Unity.exe
-adb2
-batchMode
-noUpm
-name
AssetImportWorker1
-projectPath
C:/Users/ACER/GitHub/Dugong--The-Ruined-Homeland/Dugong - The Ruined Homeland
-logFile
Logs/AssetImportWorker1.log
-srvPort
64278
Successfully changed project path to: C:/Users/ACER/GitHub/Dugong--The-Ruined-Homeland/Dugong - The Ruined Homeland
C:/Users/ACER/GitHub/Dugong--The-Ruined-Homeland/Dugong - The Ruined Homeland
[UnityMemory] Configuration Parameters - Can be set up in boot.config
    "memorysetup-bucket-allocator-granularity=16"
    "memorysetup-bucket-allocator-bucket-count=8"
    "memorysetup-bucket-allocator-block-size=33554432"
    "memorysetup-bucket-allocator-block-count=8"
    "memorysetup-main-allocator-block-size=16777216"
    "memorysetup-thread-allocator-block-size=16777216"
    "memorysetup-gfx-main-allocator-block-size=16777216"
    "memorysetup-gfx-thread-allocator-block-size=16777216"
    "memorysetup-cache-allocator-block-size=4194304"
    "memorysetup-typetree-allocator-block-size=2097152"
    "memorysetup-profiler-bucket-allocator-granularity=16"
    "memorysetup-profiler-bucket-allocator-bucket-count=8"
    "memorysetup-profiler-bucket-allocator-block-size=33554432"
    "memorysetup-profiler-bucket-allocator-block-count=8"
    "memorysetup-profiler-allocator-block-size=16777216"
    "memorysetup-profiler-editor-allocator-block-size=1048576"
    "memorysetup-temp-allocator-size-main=16777216"
    "memorysetup-job-temp-allocator-block-size=2097152"
    "memorysetup-job-temp-allocator-block-size-background=1048576"
    "memorysetup-job-temp-allocator-reduction-small-platforms=262144"
    "memorysetup-temp-allocator-size-background-worker=32768"
    "memorysetup-temp-allocator-size-job-worker=262144"
    "memorysetup-temp-allocator-size-preload-manager=33554432"
    "memorysetup-temp-allocator-size-nav-mesh-worker=65536"
    "memorysetup-temp-allocator-size-audio-worker=65536"
    "memorysetup-temp-allocator-size-cloud-worker=32768"
    "memorysetup-temp-allocator-size-gi-baking-worker=262144"
    "memorysetup-temp-allocator-size-gfx=262144"
Refreshing native plugins compatible for Editor in 220.85 ms, found 4 plugins.
Preloading 0 native plugins for Editor in 0.00 ms.
Initialize engine version: 2021.3.1f1 (3b70a0754835)
[Subsystems] Discovering subsystems at path C:/Program Files/Unity/Hub/Editor/2021.3.1f1/Editor/Data/Resources/UnitySubsystems
[Subsystems] Discovering subsystems at path C:/Users/ACER/GitHub/Dugong--The-Ruined-Homeland/Dugong - The Ruined Homeland/Assets
GfxDevice: creating device client; threaded=0; jobified=0
Direct3D:
    Version:  Direct3D 11.0 [level 11.1]
    Renderer: Intel(R) HD Graphics 520 (ID=0x1916)
    Vendor:   Intel
    VRAM:     10178 MB
    Driver:   25.20.100.6373
Initialize mono
Mono path[0] = 'C:/Program Files/Unity/Hub/Editor/2021.3.1f1/Editor/Data/Managed'
Mono path[1] = 'C:/Program Files/Unity/Hub/Editor/2021.3.1f1/Editor/Data/MonoBleedingEdge/lib/mono/unityjit-win32'
Mono config path = 'C:/Program Files/Unity/Hub/Editor/2021.3.1f1/Editor/Data/MonoBleedingEdge/etc'
Using monoOptions --debugger-agent=transport=dt_socket,embedding=1,server=y,suspend=n,address=127.0.0.1:56620
Begin MonoManager ReloadAssembly
Registering precompiled unity dll's ...
Register platform support module: C:/Program Files/Unity/Hub/Editor/2021.3.1f1/Editor/Data/PlaybackEngines/WebGLSupport/UnityEditor.WebGL.Extensions.dll
Register platform support module: C:/Program Files/Unity/Hub/Editor/2021.3.1f1/Editor/Data/PlaybackEngines/AndroidPlayer/UnityEditor.Android.Extensions.dll
Register platform support module: C:/Program Files/Unity/Hub/Editor/2021.3.1f1/Editor/Data/PlaybackEngines/WindowsStandaloneSupport/UnityEditor.WindowsStandalone.Extensions.dll
Registered in 0.019994 seconds.
Native extension for WindowsStandalone target not found
Native extension for Android target not found
Native extension for WebGL target not found
Refreshing native plugins compatible for Editor in 189.01 ms, found 4 plugins.
Preloading 0 native plugins for Editor in 0.00 ms.
Mono: successfully reloaded assembly
- Completed reload, in  1.622 seconds
Domain Reload Profiling:
	ReloadAssembly (1623ms)
		BeginReloadAssembly (147ms)
			ExecutionOrderSort (0ms)
			DisableScriptedObjects (0ms)
			BackupInstance (0ms)
			ReleaseScriptingObjects (0ms)
			CreateAndSetChildDomain (2ms)
		EndReloadAssembly (1008ms)
			LoadAssemblies (143ms)
			RebuildTransferFunctionScriptingTraits (0ms)
			SetupTypeCache (217ms)
			ReleaseScriptCaches (0ms)
			RebuildScriptCaches (56ms)
			SetupLoadedEditorAssemblies (627ms)
				LogAssemblyErrors (0ms)
				InitializePlatformSupportModulesInManaged (134ms)
				SetLoadedEditorAssemblies (0ms)
				RefreshPlugins (189ms)
				BeforeProcessingInitializeOnLoad (2ms)
				ProcessInitializeOnLoadAttributes (204ms)
				ProcessInitializeOnLoadMethodAttributes (97ms)
				AfterProcessingInitializeOnLoad (0ms)
				EditorAssembliesLoaded (0ms)
			ExecutionOrderSort2 (0ms)
			AwakeInstancesAfterBackupRestoration (0ms)
Platform modules already initialized, skipping
Registering precompiled user dll's ...
Registered in 0.015213 seconds.
Android Extension - Scanning For ADB Devices 5660 ms
Begin MonoManager ReloadAssembly
Symbol file LoadedFromMemory doesn't match image C:\Users\ACER\GitHub\Dugong--The-Ruined-Homeland\Dugong - The Ruined Homeland\Library\PackageCache\com.unity.visualscripting@1.7.6\Editor\VisualScripting.Core\Dependencies\YamlDotNet\Unity.VisualScripting.YamlDotNet.dll
Symbol file LoadedFromMemory is not a mono symbol file
Symbol file LoadedFromMemory doesn't match image C:\Users\ACER\GitHub\Dugong--The-Ruined-Homeland\Dugong - The Ruined Homeland\Library\PackageCache\com.unity.visualscripting@1.7.6\Editor\VisualScripting.Core\Dependencies\DotNetZip\Unity.VisualScripting.IonicZip.dll
Native extension for WindowsStandalone target not found
Native extension for Android target not found
Native extension for WebGL target not found
Refreshing native plugins compatible for Editor in 189.52 ms, found 4 plugins.
Preloading 0 native plugins for Editor in 0.00 ms.
Mono: successfully reloaded assembly
Package Manager log level set to [2]
- Completed reload, in  2.756 seconds
Domain Reload Profiling:
	ReloadAssembly (2758ms)
		BeginReloadAssembly (223ms)
			ExecutionOrderSort (0ms)
			DisableScriptedObjects (11ms)
			BackupInstance (0ms)
			ReleaseScriptingObjects (0ms)
			CreateAndSetChildDomain (37ms)
		EndReloadAssembly (2280ms)
			LoadAssemblies (195ms)
			RebuildTransferFunctionScriptingTraits (0ms)
			SetupTypeCache (733ms)
			ReleaseScriptCaches (1ms)
			RebuildScriptCaches (120ms)
			SetupLoadedEditorAssemblies (1109ms)
				LogAssemblyErrors (0ms)
				InitializePlatformSupportModulesInManaged (31ms)
				SetLoadedEditorAssemblies (0ms)
				RefreshPlugins (190ms)
				BeforeProcessingInitializeOnLoad (221ms)
				ProcessInitializeOnLoadAttributes (576ms)
				ProcessInitializeOnLoadMethodAttributes (69ms)
				AfterProcessingInitializeOnLoad (21ms)
				EditorAssembliesLoaded (0ms)
			ExecutionOrderSort2 (0ms)
			AwakeInstancesAfterBackupRestoration (22ms)
Platform modules already initialized, skipping
========================================================================
Worker process is ready to serve import requests
Launched and connected shader compiler UnityShaderCompiler.exe after 0.08 seconds
Refreshing native plugins compatible for Editor in 1.25 ms, found 4 plugins.
Preloading 0 native plugins for Editor in 0.00 ms.
Unloading 4177 Unused Serialized files (Serialized files now loaded: 0)
Unloading 56 unused Assets / (225.7 KB). Loaded Objects now: 4623.
Memory consumption went from 231.7 MB to 231.5 MB.
Total: 5.891500 ms (FindLiveObjects: 0.551400 ms CreateObjectMapping: 0.559900 ms MarkObjects: 4.414300 ms  DeleteObjects: 0.364400 ms)

AssetImportParameters requested are different than current active one (requested -> active):
  custom:video-decoder-ogg-theora: a1e56fd34408186e4bbccfd4996cb3dc -> 
  custom:container-muxer-webm: aa71ff27fc2769a1b78a27578f13a17b -> 
  custom:container-demuxer-webm: 4f35f7cbe854078d1ac9338744f61a02 -> 
  custom:video-encoder-webm-vp8: eb34c28f22e8b96e1ab97ce403110664 -> 
  custom:video-codec-MediaFoundation-h265: 746d11721c4dcdbdad8f713fa42b33f4 -> 
  custom:audio-encoder-webm-vorbis: bf7c407c2cedff20999df2af8eb42d56 -> 
  custom:framework-win-MediaFoundation: 216162199b28c13a410421893ffa2e32 -> 
  custom:container-demuxer-ogg: 62fdf1f143b41e24485cea50d1cbac27 -> 
  custom:video-decoder-webm-vp8: 9c59270c3fd7afecdb556c50c9e8de78 -> 
  custom:audio-decoder-ogg-vorbis: bf7c407c2cedff20999df2af8eb42d56 -> 
========================================================================
Received Import Request.
  Time since last request: 578822.008180 seconds.
  path: Assets/Script/InGameDisplay/BeatScore.cs
  artifactKey: Guid(1fd53eebf28d03a4bac513d21200fa7c) Importer(815301076,1909f56bfc062723c751e8b465ee728b)
Start importing Assets/Script/InGameDisplay/BeatScore.cs using Guid(1fd53eebf28d03a4bac513d21200fa7c) Importer(815301076,1909f56bfc062723c751e8b465ee728b)  -> (artifact id: '9cf22b0243da63d1aab0a151bb2335ec') in 0.090909 seconds 
========================================================================
Received Prepare
Registering precompiled user dll's ...
Registered in 0.018967 seconds.
Begin MonoManager ReloadAssembly
Symbol file LoadedFromMemory doesn't match image C:\Users\ACER\GitHub\Dugong--The-Ruined-Homeland\Dugong - The Ruined Homeland\Library\PackageCache\com.unity.visualscripting@1.7.6\Editor\VisualScripting.Core\Dependencies\YamlDotNet\Unity.VisualScripting.YamlDotNet.dll
Symbol file LoadedFromMemory is not a mono symbol file
Symbol file LoadedFromMemory doesn't match image C:\Users\ACER\GitHub\Dugong--The-Ruined-Homeland\Dugong - The Ruined Homeland\Library\PackageCache\com.unity.visualscripting@1.7.6\Editor\VisualScripting.Core\Dependencies\DotNetZip\Unity.VisualScripting.IonicZip.dll
Native extension for WindowsStandalone target not found
Native extension for Android target not found
Native extension for WebGL target not found
Refreshing native plugins compatible for Editor in 1.24 ms, found 4 plugins.
Preloading 0 native plugins for Editor in 0.00 ms.
Mono: successfully reloaded assembly
- Completed reload, in  2.395 seconds
Domain Reload Profiling:
	ReloadAssembly (2396ms)
		BeginReloadAssembly (333ms)
			ExecutionOrderSort (0ms)
			DisableScriptedObjects (26ms)
			BackupInstance (0ms)
			ReleaseScriptingObjects (0ms)
			CreateAndSetChildDomain (80ms)
		EndReloadAssembly (1845ms)
			LoadAssemblies (247ms)
			RebuildTransferFunctionScriptingTraits (0ms)
			SetupTypeCache (571ms)
			ReleaseScriptCaches (2ms)
			RebuildScriptCaches (151ms)
			SetupLoadedEditorAssemblies (756ms)
				LogAssemblyErrors (0ms)
				InitializePlatformSupportModulesInManaged (54ms)
				SetLoadedEditorAssemblies (1ms)
				RefreshPlugins (1ms)
				BeforeProcessingInitializeOnLoad (179ms)
				ProcessInitializeOnLoadAttributes (428ms)
				ProcessInitializeOnLoadMethodAttributes (66ms)
				AfterProcessingInitializeOnLoad (26ms)
				EditorAssembliesLoaded (1ms)
			ExecutionOrderSort2 (0ms)
			AwakeInstancesAfterBackupRestoration (23ms)
Platform modules already initialized, skipping
Refreshing native plugins compatible for Editor in 8.26 ms, found 4 plugins.
Preloading 0 native plugins for Editor in 0.00 ms.
Unloading 4159 Unused Serialized files (Serialized files now loaded: 0)
Unloading 43 unused Assets / (192.6 KB). Loaded Objects now: 4626.
Memory consumption went from 230.3 MB to 230.1 MB.
Total: 7.070600 ms (FindLiveObjects: 0.461000 ms CreateObjectMapping: 0.332400 ms MarkObjects: 6.043400 ms  DeleteObjects: 0.231900 ms)

AssetImportParameters requested are different than current active one (requested -> active):
  custom:video-decoder-ogg-theora: a1e56fd34408186e4bbccfd4996cb3dc -> 
  custom:container-muxer-webm: aa71ff27fc2769a1b78a27578f13a17b -> 
  custom:container-demuxer-webm: 4f35f7cbe854078d1ac9338744f61a02 -> 
  custom:video-encoder-webm-vp8: eb34c28f22e8b96e1ab97ce403110664 -> 
  custom:video-codec-MediaFoundation-h265: 746d11721c4dcdbdad8f713fa42b33f4 -> 
  custom:audio-encoder-webm-vorbis: bf7c407c2cedff20999df2af8eb42d56 -> 
  custom:framework-win-MediaFoundation: 216162199b28c13a410421893ffa2e32 -> 
  custom:container-demuxer-ogg: 62fdf1f143b41e24485cea50d1cbac27 -> 
  custom:video-decoder-webm-vp8: 9c59270c3fd7afecdb556c50c9e8de78 -> 
  custom:audio-decoder-ogg-vorbis: bf7c407c2cedff20999df2af8eb42d56 -> 
========================================================================
Received Import Request.
  Time since last request: 567.018039 seconds.
  path: Assets/Script/InGameDisplay/BeatScore.cs
  artifactKey: Guid(1fd53eebf28d03a4bac513d21200fa7c) Importer(815301076,1909f56bfc062723c751e8b465ee728b)
Start importing Assets/Script/InGameDisplay/BeatScore.cs using Guid(1fd53eebf28d03a4bac513d21200fa7c) Importer(815301076,1909f56bfc062723c751e8b465ee728b)  -> (artifact id: '5b9096e48d7acba02233ba8a04aa1b88') in 0.013004 seconds 
========================================================================
Received Prepare
Registering precompiled user dll's ...
Registered in 0.014967 seconds.
Begin MonoManager ReloadAssembly
Symbol file LoadedFromMemory doesn't match image C:\Users\ACER\GitHub\Dugong--The-Ruined-Homeland\Dugong - The Ruined Homeland\Library\PackageCache\com.unity.visualscripting@1.7.6\Editor\VisualScripting.Core\Dependencies\YamlDotNet\Unity.VisualScripting.YamlDotNet.dll
Symbol file LoadedFromMemory is not a mono symbol file
Symbol file LoadedFromMemory doesn't match image C:\Users\ACER\GitHub\Dugong--The-Ruined-Homeland\Dugong - The Ruined Homeland\Library\PackageCache\com.unity.visualscripting@1.7.6\Editor\VisualScripting.Core\Dependencies\DotNetZip\Unity.VisualScripting.IonicZip.dll
Native extension for WindowsStandalone target not found
Native extension for Android target not found
Native extension for WebGL target not found
Refreshing native plugins compatible for Editor in 3.88 ms, found 4 plugins.
Preloading 0 native plugins for Editor in 0.00 ms.
Mono: successfully reloaded assembly
- Completed reload, in  5.957 seconds
Domain Reload Profiling:
	ReloadAssembly (5960ms)
		BeginReloadAssembly (314ms)
			ExecutionOrderSort (0ms)
			DisableScriptedObjects (16ms)
			BackupInstance (0ms)
			ReleaseScriptingObjects (0ms)
			CreateAndSetChildDomain (73ms)
		EndReloadAssembly (5068ms)
			LoadAssemblies (370ms)
			RebuildTransferFunctionScriptingTraits (0ms)
			SetupTypeCache (1769ms)
			ReleaseScriptCaches (7ms)
			RebuildScriptCaches (372ms)
			SetupLoadedEditorAssemblies (1956ms)
				LogAssemblyErrors (0ms)
				InitializePlatformSupportModulesInManaged (112ms)
				SetLoadedEditorAssemblies (2ms)
				RefreshPlugins (4ms)
				BeforeProcessingInitializeOnLoad (398ms)
				ProcessInitializeOnLoadAttributes (1178ms)
				ProcessInitializeOnLoadMethodAttributes (211ms)
				AfterProcessingInitializeOnLoad (49ms)
				EditorAssembliesLoaded (1ms)
			ExecutionOrderSort2 (0ms)
			AwakeInstancesAfterBackupRestoration (60ms)
Platform modules already initialized, skipping
Refreshing native plugins compatible for Editor in 24.31 ms, found 4 plugins.
Preloading 0 native plugins for Editor in 0.00 ms.
Unloading 4159 Unused Serialized files (Serialized files now loaded: 0)
Unloading 43 unused Assets / (192.6 KB). Loaded Objects now: 4629.
Memory consumption went from 230.3 MB to 230.1 MB.
Total: 10.268500 ms (FindLiveObjects: 0.963800 ms CreateObjectMapping: 0.586100 ms MarkObjects: 8.295800 ms  DeleteObjects: 0.419000 ms)

AssetImportParameters requested are different than current active one (requested -> active):
  custom:video-decoder-ogg-theora: a1e56fd34408186e4bbccfd4996cb3dc -> 
  custom:container-muxer-webm: aa71ff27fc2769a1b78a27578f13a17b -> 
  custom:container-demuxer-webm: 4f35f7cbe854078d1ac9338744f61a02 -> 
  custom:video-encoder-webm-vp8: eb34c28f22e8b96e1ab97ce403110664 -> 
  custom:video-codec-MediaFoundation-h265: 746d11721c4dcdbdad8f713fa42b33f4 -> 
  custom:audio-encoder-webm-vorbis: bf7c407c2cedff20999df2af8eb42d56 -> 
  custom:framework-win-MediaFoundation: 216162199b28c13a410421893ffa2e32 -> 
  custom:container-demuxer-ogg: 62fdf1f143b41e24485cea50d1cbac27 -> 
  custom:video-decoder-webm-vp8: 9c59270c3fd7afecdb556c50c9e8de78 -> 
  custom:audio-decoder-ogg-vorbis: bf7c407c2cedff20999df2af8eb42d56 -> 
========================================================================
Received Prepare
Registering precompiled user dll's ...
Registered in 0.018702 seconds.
Begin MonoManager ReloadAssembly
Symbol file LoadedFromMemory doesn't match image C:\Users\ACER\GitHub\Dugong--The-Ruined-Homeland\Dugong - The Ruined Homeland\Library\PackageCache\com.unity.visualscripting@1.7.6\Editor\VisualScripting.Core\Dependencies\YamlDotNet\Unity.VisualScripting.YamlDotNet.dll
Symbol file LoadedFromMemory is not a mono symbol file
Symbol file LoadedFromMemory doesn't match image C:\Users\ACER\GitHub\Dugong--The-Ruined-Homeland\Dugong - The Ruined Homeland\Library\PackageCache\com.unity.visualscripting@1.7.6\Editor\VisualScripting.Core\Dependencies\DotNetZip\Unity.VisualScripting.IonicZip.dll
Native extension for WindowsStandalone target not found
Native extension for Android target not found
Native extension for WebGL target not found
Refreshing native plugins compatible for Editor in 4.71 ms, found 4 plugins.
Preloading 0 native plugins for Editor in 0.00 ms.
Mono: successfully reloaded assembly
- Completed reload, in  5.848 seconds
Domain Reload Profiling:
	ReloadAssembly (5852ms)
		BeginReloadAssembly (290ms)
			ExecutionOrderSort (0ms)
			DisableScriptedObjects (17ms)
			BackupInstance (0ms)
			ReleaseScriptingObjects (0ms)
			CreateAndSetChildDomain (80ms)
		EndReloadAssembly (5182ms)
			LoadAssemblies (347ms)
			RebuildTransferFunctionScriptingTraits (0ms)
			SetupTypeCache (1215ms)
			ReleaseScriptCaches (6ms)
			RebuildScriptCaches (243ms)
			SetupLoadedEditorAssemblies (2809ms)
				LogAssemblyErrors (0ms)
				InitializePlatformSupportModulesInManaged (171ms)
				SetLoadedEditorAssemblies (4ms)
				RefreshPlugins (5ms)
				BeforeProcessingInitializeOnLoad (630ms)
				ProcessInitializeOnLoadAttributes (1651ms)
				ProcessInitializeOnLoadMethodAttributes (270ms)
				AfterProcessingInitializeOnLoad (77ms)
				EditorAssembliesLoaded (1ms)
			ExecutionOrderSort2 (0ms)
			AwakeInstancesAfterBackupRestoration (84ms)
Platform modules already initialized, skipping
Refreshing native plugins compatible for Editor in 20.69 ms, found 4 plugins.
Preloading 0 native plugins for Editor in 0.00 ms.
Unloading 4159 Unused Serialized files (Serialized files now loaded: 0)
Unloading 43 unused Assets / (192.8 KB). Loaded Objects now: 4632.
Memory consumption went from 230.3 MB to 230.2 MB.
Total: 21.586200 ms (FindLiveObjects: 1.047100 ms CreateObjectMapping: 1.820700 ms MarkObjects: 17.964200 ms  DeleteObjects: 0.750800 ms)

AssetImportParameters requested are different than current active one (requested -> active):
  custom:video-decoder-ogg-theora: a1e56fd34408186e4bbccfd4996cb3dc -> 
  custom:container-muxer-webm: aa71ff27fc2769a1b78a27578f13a17b -> 
  custom:container-demuxer-webm: 4f35f7cbe854078d1ac9338744f61a02 -> 
  custom:video-encoder-webm-vp8: eb34c28f22e8b96e1ab97ce403110664 -> 
  custom:video-codec-MediaFoundation-h265: 746d11721c4dcdbdad8f713fa42b33f4 -> 
  custom:audio-encoder-webm-vorbis: bf7c407c2cedff20999df2af8eb42d56 -> 
  custom:framework-win-MediaFoundation: 216162199b28c13a410421893ffa2e32 -> 
  custom:container-demuxer-ogg: 62fdf1f143b41e24485cea50d1cbac27 -> 
  custom:video-decoder-webm-vp8: 9c59270c3fd7afecdb556c50c9e8de78 -> 
  custom:audio-decoder-ogg-vorbis: bf7c407c2cedff20999df2af8eb42d56 -> 
========================================================================
Received Import Request.
  Time since last request: 9699.118450 seconds.
  path: Assets/Images/bubs.png
  artifactKey: Guid(c9b1f1e91caf81541a2bac049e99b02d) Importer(815301076,1909f56bfc062723c751e8b465ee728b)
Start importing Assets/Images/bubs.png using Guid(c9b1f1e91caf81541a2bac049e99b02d) Importer(815301076,1909f56bfc062723c751e8b465ee728b)  -> (artifact id: 'fbb62d02a92606b220d379d2724d3fee') in 0.539073 seconds 
========================================================================
Received Import Request.
  Time since last request: 0.000070 seconds.
  path: Assets/Images/dugong-icon.png
  artifactKey: Guid(e4fc4be554df2654ca311ee222502cfc) Importer(815301076,1909f56bfc062723c751e8b465ee728b)
Start importing Assets/Images/dugong-icon.png using Guid(e4fc4be554df2654ca311ee222502cfc) Importer(815301076,1909f56bfc062723c751e8b465ee728b)  -> (artifact id: '713f8bd3e46145a6138ecea064c1d983') in 0.128596 seconds 
========================================================================
Received Import Request.
  Time since last request: 21.908827 seconds.
  path: Assets/Images/Player/Doubler/doubler-00.png
  artifactKey: Guid(8a0a163a21fab9b4f819898138ba805c) Importer(815301076,1909f56bfc062723c751e8b465ee728b)
Start importing Assets/Images/Player/Doubler/doubler-00.png using Guid(8a0a163a21fab9b4f819898138ba805c) Importer(815301076,1909f56bfc062723c751e8b465ee728b)  -> (artifact id: 'f54da2784257718138b47830fa4e322a') in 0.377040 seconds 
========================================================================
Received Import Request.
  Time since last request: 0.000209 seconds.
  path: Assets/Images/Player/Doubler/doubler-04.png
  artifactKey: Guid(8ed3aeac8ea2c1343b1f1c0576166903) Importer(815301076,1909f56bfc062723c751e8b465ee728b)
Start importing Assets/Images/Player/Doubler/doubler-04.png using Guid(8ed3aeac8ea2c1343b1f1c0576166903) Importer(815301076,1909f56bfc062723c751e8b465ee728b)  -> (artifact id: 'b7ae98a3e588ccba31a869247b65691f') in 0.290482 seconds 
========================================================================
Received Import Request.
  Time since last request: 0.000055 seconds.
  path: Assets/Images/Player/Doubler/doubler-07.png
  artifactKey: Guid(65c1b8a1826a7744c82f6114d996f26c) Importer(815301076,1909f56bfc062723c751e8b465ee728b)
Start importing Assets/Images/Player/Doubler/doubler-07.png using Guid(65c1b8a1826a7744c82f6114d996f26c) Importer(815301076,1909f56bfc062723c751e8b465ee728b)  -> (artifact id: 'fa3ee2772dd02bdb20123e2af74f0a37') in 0.257302 seconds 
========================================================================
Received Import Request.
  Time since last request: 0.000047 seconds.
  path: Assets/Images/Player/Doubler/doubler-05.png
  artifactKey: Guid(ac7e129f9d917c845b6d8d96bc2ff82e) Importer(815301076,1909f56bfc062723c751e8b465ee728b)
Start importing Assets/Images/Player/Doubler/doubler-05.png using Guid(ac7e129f9d917c845b6d8d96bc2ff82e) Importer(815301076,1909f56bfc062723c751e8b465ee728b)  -> (artifact id: 'a1981f0181f1fc06001bc1222817e945') in 0.242264 seconds 
========================================================================
Received Import Request.
  Time since last request: 0.000052 seconds.
  path: Assets/Images/Player/Doubler/doubler-01.png
  artifactKey: Guid(ba2da4479b1443340b5992226581ea5d) Importer(815301076,1909f56bfc062723c751e8b465ee728b)
Start importing Assets/Images/Player/Doubler/doubler-01.png using Guid(ba2da4479b1443340b5992226581ea5d) Importer(815301076,1909f56bfc062723c751e8b465ee728b)  -> (artifact id: 'e4d947b4cf8615453a2a6224b0446d50') in 0.256705 seconds 
========================================================================
Received Import Request.
  Time since last request: 0.000040 seconds.
  path: Assets/Images/Player/Doubler/doubler-02.png
  artifactKey: Guid(a8dd3b288e1ebdd43aac00b17a612ff4) Importer(815301076,1909f56bfc062723c751e8b465ee728b)
Start importing Assets/Images/Player/Doubler/doubler-02.png using Guid(a8dd3b288e1ebdd43aac00b17a612ff4) Importer(815301076,1909f56bfc062723c751e8b465ee728b)  -> (artifact id: '6c79705e630e944219465d7539956760') in 0.244522 seconds 
========================================================================
Received Import Request.
  Time since last request: 0.000065 seconds.
  path: Assets/Images/Player/Doubler/doubler-03.png
  artifactKey: Guid(1f0d20c8fe9813e46bc222cdf3f4e785) Importer(815301076,1909f56bfc062723c751e8b465ee728b)
Start importing Assets/Images/Player/Doubler/doubler-03.png using Guid(1f0d20c8fe9813e46bc222cdf3f4e785) Importer(815301076,1909f56bfc062723c751e8b465ee728b)  -> (artifact id: 'ba6b83716606058d5bfe91d06d772dd8') in 0.245039 seconds 
========================================================================
Received Import Request.
  Time since last request: 0.000037 seconds.
  path: Assets/Images/Player/Doubler/doubler-06.png
  artifactKey: Guid(ffc117c7cff49854098e215d6585d58e) Importer(815301076,1909f56bfc062723c751e8b465ee728b)
Start importing Assets/Images/Player/Doubler/doubler-06.png using Guid(ffc117c7cff49854098e215d6585d58e) Importer(815301076,1909f56bfc062723c751e8b465ee728b)  -> (artifact id: '874fda2c9dce98bbf8300d807bd8fba6') in 0.268606 seconds 
========================================================================
Received Import Request.
  Time since last request: 135.380298 seconds.
  path: Assets/Images/Player/Invulnerable/invulnerable-00.png
  artifactKey: Guid(f59438ad738673d4d931159c5ac244e1) Importer(815301076,1909f56bfc062723c751e8b465ee728b)
Start importing Assets/Images/Player/Invulnerable/invulnerable-00.png using Guid(f59438ad738673d4d931159c5ac244e1) Importer(815301076,1909f56bfc062723c751e8b465ee728b)  -> (artifact id: 'd56c8f9242dd9018392ba664aa1f8d2e') in 0.316880 seconds 
========================================================================
Received Import Request.
  Time since last request: 0.000081 seconds.
  path: Assets/Images/Player/Invulnerable/invulnerable-03.png
  artifactKey: Guid(9c36e4752dd5d624aacfba44c2388ce6) Importer(815301076,1909f56bfc062723c751e8b465ee728b)
Start importing Assets/Images/Player/Invulnerable/invulnerable-03.png using Guid(9c36e4752dd5d624aacfba44c2388ce6) Importer(815301076,1909f56bfc062723c751e8b465ee728b)  -> (artifact id: 'ad187bfbcd321c3e0e9199d6dfdc2d37') in 0.260738 seconds 
========================================================================
Received Import Request.
  Time since last request: 0.000051 seconds.
  path: Assets/Images/Player/Invulnerable/invulnerable-07.png
  artifactKey: Guid(32523ef680ce48541a0f381a39161a37) Importer(815301076,1909f56bfc062723c751e8b465ee728b)
Start importing Assets/Images/Player/Invulnerable/invulnerable-07.png using Guid(32523ef680ce48541a0f381a39161a37) Importer(815301076,1909f56bfc062723c751e8b465ee728b)  -> (artifact id: '8d947ca35c98b9136314b88b9c702654') in 0.258090 seconds 
========================================================================
Received Import Request.
  Time since last request: 0.000043 seconds.
  path: Assets/Images/Player/Invulnerable/invulnerable-05.png
  artifactKey: Guid(6913f4b34c970104ca73abe61954720c) Importer(815301076,1909f56bfc062723c751e8b465ee728b)
Start importing Assets/Images/Player/Invulnerable/invulnerable-05.png using Guid(6913f4b34c970104ca73abe61954720c) Importer(815301076,1909f56bfc062723c751e8b465ee728b)  -> (artifact id: 'b1861bd3b26d4d956eef5765820c076a') in 0.246760 seconds 
========================================================================
Received Import Request.
  Time since last request: 0.000119 seconds.
  path: Assets/Images/Player/Invulnerable/invulnerable-04.png
  artifactKey: Guid(e6039edc4c4cab1429f5280b81cc88a4) Importer(815301076,1909f56bfc062723c751e8b465ee728b)
Start importing Assets/Images/Player/Invulnerable/invulnerable-04.png using Guid(e6039edc4c4cab1429f5280b81cc88a4) Importer(815301076,1909f56bfc062723c751e8b465ee728b)  -> (artifact id: '809834d107f9528145c8652872e0cbf1') in 0.388651 seconds 
========================================================================
Received Import Request.
  Time since last request: 0.000079 seconds.
  path: Assets/Images/Player/Invulnerable/invulnerable-01.png
  artifactKey: Guid(a782b460d96254743bb4bbbe6af190df) Importer(815301076,1909f56bfc062723c751e8b465ee728b)
Start importing Assets/Images/Player/Invulnerable/invulnerable-01.png using Guid(a782b460d96254743bb4bbbe6af190df) Importer(815301076,1909f56bfc062723c751e8b465ee728b)  -> (artifact id: '01080e613aa4243680494409d6947f2e') in 0.308057 seconds 
========================================================================
Received Import Request.
  Time since last request: 0.000049 seconds.
  path: Assets/Images/Player/Invulnerable/invulnerable-02.png
  artifactKey: Guid(5dde258fe1d17214eaedaf6550e74ed4) Importer(815301076,1909f56bfc062723c751e8b465ee728b)
Start importing Assets/Images/Player/Invulnerable/invulnerable-02.png using Guid(5dde258fe1d17214eaedaf6550e74ed4) Importer(815301076,1909f56bfc062723c751e8b465ee728b)  -> (artifact id: '8241b2c45fd58d8bb0e3d131d2c141a1') in 0.250708 seconds 
========================================================================
Received Import Request.
  Time since last request: 0.000095 seconds.
  path: Assets/Images/Player/Invulnerable/invulnerable-06.png
  artifactKey: Guid(2ea3ad1f44890fe42a7c94c5cb57d611) Importer(815301076,1909f56bfc062723c751e8b465ee728b)
Start importing Assets/Images/Player/Invulnerable/invulnerable-06.png using Guid(2ea3ad1f44890fe42a7c94c5cb57d611) Importer(815301076,1909f56bfc062723c751e8b465ee728b)  -> (artifact id: '0baa8a80991c64c424300189cd5bbb33') in 0.276805 seconds 
========================================================================
Received Import Request.
  Time since last request: 1030.392310 seconds.
  path: Assets/Images/Obstacle/toxiccloud2/toxiccloud2-00.png
  artifactKey: Guid(e1dad5093101d6d4f94e45cb122043b5) Importer(815301076,1909f56bfc062723c751e8b465ee728b)
Start importing Assets/Images/Obstacle/toxiccloud2/toxiccloud2-00.png using Guid(e1dad5093101d6d4f94e45cb122043b5) Importer(815301076,1909f56bfc062723c751e8b465ee728b)  -> (artifact id: '86e40131af44e4c326294713e30dec4a') in 0.095525 seconds 
========================================================================
Received Import Request.
  Time since last request: 0.000094 seconds.
  path: Assets/Images/Obstacle/toxiccloud2/toxiccloud2-09.png
  artifactKey: Guid(a3edc73300a011d449aef115ffcbcce4) Importer(815301076,1909f56bfc062723c751e8b465ee728b)
Start importing Assets/Images/Obstacle/toxiccloud2/toxiccloud2-09.png using Guid(a3edc73300a011d449aef115ffcbcce4) Importer(815301076,1909f56bfc062723c751e8b465ee728b)  -> (artifact id: '2731108888d0dc3def498f2f57cb2d38') in 0.249034 seconds 
========================================================================
Received Import Request.
  Time since last request: 0.000052 seconds.
  path: Assets/Images/Obstacle/toxiccloud2/toxiccloud2-11.png
  artifactKey: Guid(8356c8c621c299b4bafbc568f015e4df) Importer(815301076,1909f56bfc062723c751e8b465ee728b)
Start importing Assets/Images/Obstacle/toxiccloud2/toxiccloud2-11.png using Guid(8356c8c621c299b4bafbc568f015e4df) Importer(815301076,1909f56bfc062723c751e8b465ee728b)  -> (artifact id: '65274c8b23fd6e83348b20d50a66a803') in 0.109354 seconds 
========================================================================
Received Import Request.
  Time since last request: 0.000031 seconds.
  path: Assets/Images/Obstacle/toxiccloud2/toxiccloud2-10.png
  artifactKey: Guid(b5232e4c2705e1646997e178f7ea0377) Importer(815301076,1909f56bfc062723c751e8b465ee728b)
Start importing Assets/Images/Obstacle/toxiccloud2/toxiccloud2-10.png using Guid(b5232e4c2705e1646997e178f7ea0377) Importer(815301076,1909f56bfc062723c751e8b465ee728b)  -> (artifact id: 'f905efc8b750e1ec108f8c622e744a6a') in 0.110626 seconds 
========================================================================
Received Import Request.
  Time since last request: 0.000072 seconds.
  path: Assets/Images/Obstacle/toxiccloud2/toxiccloud2-04.png
  artifactKey: Guid(31b70901e666e9a48808bf3bc72b3c53) Importer(815301076,1909f56bfc062723c751e8b465ee728b)
Start importing Assets/Images/Obstacle/toxiccloud2/toxiccloud2-04.png using Guid(31b70901e666e9a48808bf3bc72b3c53) Importer(815301076,1909f56bfc062723c751e8b465ee728b)  -> (artifact id: '8fa0a63ad39cf046827da84485b9d856') in 0.124971 seconds 
========================================================================
Received Import Request.
  Time since last request: 0.000051 seconds.
  path: Assets/Images/Obstacle/toxiccloud2/toxiccloud2-14.png
  artifactKey: Guid(21bcb98b4a6ffec42bbf89974b432311) Importer(815301076,1909f56bfc062723c751e8b465ee728b)
Start importing Assets/Images/Obstacle/toxiccloud2/toxiccloud2-14.png using Guid(21bcb98b4a6ffec42bbf89974b432311) Importer(815301076,1909f56bfc062723c751e8b465ee728b)  -> (artifact id: '8b75c8a0c83bc81c855b060915456b7b') in 0.143161 seconds 
========================================================================
Received Import Request.
  Time since last request: 0.000030 seconds.
  path: Assets/Images/Obstacle/toxiccloud2/toxiccloud2-01.png
  artifactKey: Guid(718b3949d2f7106479d3904ecf97f2f2) Importer(815301076,1909f56bfc062723c751e8b465ee728b)
Start importing Assets/Images/Obstacle/toxiccloud2/toxiccloud2-01.png using Guid(718b3949d2f7106479d3904ecf97f2f2) Importer(815301076,1909f56bfc062723c751e8b465ee728b)  -> (artifact id: 'b156fd2b9fbc4a9ea8eb7071db1dd77b') in 0.226260 seconds 
========================================================================
Received Import Request.
  Time since last request: 0.000167 seconds.
  path: Assets/Images/Obstacle/toxiccloud2/toxiccloud2-12.png
  artifactKey: Guid(dabdfd022b8beac4c9986f28a2cbd272) Importer(815301076,1909f56bfc062723c751e8b465ee728b)
Start importing Assets/Images/Obstacle/toxiccloud2/toxiccloud2-12.png using Guid(dabdfd022b8beac4c9986f28a2cbd272) Importer(815301076,1909f56bfc062723c751e8b465ee728b)  -> (artifact id: '4c1d2faf90e6ab7d654fb11e969b2946') in 0.104582 seconds 
========================================================================
Received Import Request.
  Time since last request: 0.000075 seconds.
  path: Assets/Images/Obstacle/toxiccloud2/toxiccloud2-13.png
  artifactKey: Guid(74306735c8ee5b84fa5263f462333a3f) Importer(815301076,1909f56bfc062723c751e8b465ee728b)
Start importing Assets/Images/Obstacle/toxiccloud2/toxiccloud2-13.png using Guid(74306735c8ee5b84fa5263f462333a3f) Importer(815301076,1909f56bfc062723c751e8b465ee728b)  -> (artifact id: '59813302520cef4fe6700fa61f553542') in 0.142674 seconds 
========================================================================
Received Import Request.
  Time since last request: 0.000034 seconds.
  path: Assets/Images/Obstacle/toxiccloud2/toxiccloud2-08.png
  artifactKey: Guid(8552dfb414356fc4fac0d6a5b64daf9a) Importer(815301076,1909f56bfc062723c751e8b465ee728b)
Start importing Assets/Images/Obstacle/toxiccloud2/toxiccloud2-08.png using Guid(8552dfb414356fc4fac0d6a5b64daf9a) Importer(815301076,1909f56bfc062723c751e8b465ee728b)  -> (artifact id: '1ced58dc4c3b9f885a1fd1301bcd995b') in 0.132164 seconds 
========================================================================
Received Import Request.
  Time since last request: 0.000048 seconds.
  path: Assets/Images/Obstacle/toxiccloud2/toxiccloud2-02.png
  artifactKey: Guid(28f77090b02403c4dbde707495f21c31) Importer(815301076,1909f56bfc062723c751e8b465ee728b)
Start importing Assets/Images/Obstacle/toxiccloud2/toxiccloud2-02.png using Guid(28f77090b02403c4dbde707495f21c31) Importer(815301076,1909f56bfc062723c751e8b465ee728b)  -> (artifact id: '8c79a9da69a165312167545507acb038') in 0.161083 seconds 
========================================================================
Received Import Request.
  Time since last request: 0.000114 seconds.
  path: Assets/Images/Obstacle/toxiccloud2/toxiccloud2-07.png
  artifactKey: Guid(d3124491dc7320946b4a3089c6363bef) Importer(815301076,1909f56bfc062723c751e8b465ee728b)
Start importing Assets/Images/Obstacle/toxiccloud2/toxiccloud2-07.png using Guid(d3124491dc7320946b4a3089c6363bef) Importer(815301076,1909f56bfc062723c751e8b465ee728b)  -> (artifact id: '711a4ecb5035fb4bb4b7ce0d0576243f') in 0.216278 seconds 
========================================================================
Received Import Request.
  Time since last request: 0.000103 seconds.
  path: Assets/Images/Obstacle/toxiccloud2/toxiccloud2-05.png
  artifactKey: Guid(571f68050b2298746bd3b0f50b5c31f7) Importer(815301076,1909f56bfc062723c751e8b465ee728b)
Start importing Assets/Images/Obstacle/toxiccloud2/toxiccloud2-05.png using Guid(571f68050b2298746bd3b0f50b5c31f7) Importer(815301076,1909f56bfc062723c751e8b465ee728b)  -> (artifact id: 'a6d1b4f28efb6cea7483101c42076e20') in 0.283736 seconds 
========================================================================
Received Import Request.
  Time since last request: 0.000046 seconds.
  path: Assets/Images/Obstacle/toxiccloud2/toxiccloud2-06.png
  artifactKey: Guid(cc78e63e66a881c488b566abc8c1a59e) Importer(815301076,1909f56bfc062723c751e8b465ee728b)
Start importing Assets/Images/Obstacle/toxiccloud2/toxiccloud2-06.png using Guid(cc78e63e66a881c488b566abc8c1a59e) Importer(815301076,1909f56bfc062723c751e8b465ee728b)  -> (artifact id: '88e3a2c14c84dd3fa75c127870c22698') in 0.115829 seconds 
========================================================================
Received Import Request.
  Time since last request: 0.000031 seconds.
  path: Assets/Images/Obstacle/toxiccloud2/toxiccloud2-03.png
  artifactKey: Guid(a454449ac34639142a08df5d37fac63e) Importer(815301076,1909f56bfc062723c751e8b465ee728b)
Start importing Assets/Images/Obstacle/toxiccloud2/toxiccloud2-03.png using Guid(a454449ac34639142a08df5d37fac63e) Importer(815301076,1909f56bfc062723c751e8b465ee728b)  -> (artifact id: 'c6b452faa76ca2d6823c4ca4bb55404c') in 0.135327 seconds 
========================================================================
Received Import Request.
  Time since last request: 0.000047 seconds.
  path: Assets/Images/Obstacle/toxiccloud2/toxiccloud2-15.png
  artifactKey: Guid(ddbbfc36a5290ce469a8e02f55efb5f1) Importer(815301076,1909f56bfc062723c751e8b465ee728b)
Start importing Assets/Images/Obstacle/toxiccloud2/toxiccloud2-15.png using Guid(ddbbfc36a5290ce469a8e02f55efb5f1) Importer(815301076,1909f56bfc062723c751e8b465ee728b)  -> (artifact id: '1f8c510be438d0289765646d7439af47') in 0.093799 seconds 
========================================================================
Received Import Request.
  Time since last request: 32.068776 seconds.
  path: Assets/Images/Obstacle/ToxicCloud2 1
  artifactKey: Guid(d61508c95cff6e842bf9ec7e1373133b) Importer(815301076,1909f56bfc062723c751e8b465ee728b)
Start importing Assets/Images/Obstacle/ToxicCloud2 1 using Guid(d61508c95cff6e842bf9ec7e1373133b) Importer(815301076,1909f56bfc062723c751e8b465ee728b)  -> (artifact id: 'd3b346b069279f8940f4863609b4c50b') in 0.018723 seconds 
========================================================================
Received Import Request.
  Time since last request: 24.874835 seconds.
  path: Assets/Images/Obstacle/toxiccloud2idle
  artifactKey: Guid(ca20d4a32c9327645992dfd6d179ec05) Importer(815301076,1909f56bfc062723c751e8b465ee728b)
Start importing Assets/Images/Obstacle/toxiccloud2idle using Guid(ca20d4a32c9327645992dfd6d179ec05) Importer(815301076,1909f56bfc062723c751e8b465ee728b)  -> (artifact id: '62d4d870e78f393eb09959f327fe4f99') in 0.018973 seconds 
========================================================================
Received Import Request.
  Time since last request: 56.187110 seconds.
  path: Assets/Images/Obstacle/toxiccloud1idle
  artifactKey: Guid(5982bd36e0a5a0743b7f629ce4c1f9d7) Importer(815301076,1909f56bfc062723c751e8b465ee728b)
Start importing Assets/Images/Obstacle/toxiccloud1idle using Guid(5982bd36e0a5a0743b7f629ce4c1f9d7) Importer(815301076,1909f56bfc062723c751e8b465ee728b)  -> (artifact id: 'df919c2d9445222d90c15fa5a09e1ea2') in 0.016370 seconds 
========================================================================
Received Import Request.
  Time since last request: 22.516564 seconds.
  path: Assets/Images/Obstacle/toxiccloud1
  artifactKey: Guid(d27e6330bc753ee49a652aa5a7d10dff) Importer(815301076,1909f56bfc062723c751e8b465ee728b)
Start importing Assets/Images/Obstacle/toxiccloud1 using Guid(d27e6330bc753ee49a652aa5a7d10dff) Importer(815301076,1909f56bfc062723c751e8b465ee728b)  -> (artifact id: 'f0646dcf4bfad2fdcdfb95c2ec96f82d') in 0.019358 seconds 
========================================================================
Received Import Request.
  Time since last request: 20.325810 seconds.
  path: Assets/Images/Obstacle/Toxiccloud1
  artifactKey: Guid(d27e6330bc753ee49a652aa5a7d10dff) Importer(815301076,1909f56bfc062723c751e8b465ee728b)
Start importing Assets/Images/Obstacle/Toxiccloud1 using Guid(d27e6330bc753ee49a652aa5a7d10dff) Importer(815301076,1909f56bfc062723c751e8b465ee728b)  -> (artifact id: 'cb0046734be438ac24cab10b9e377b9b') in 0.016787 seconds 
========================================================================
Received Import Request.
  Time since last request: 7.806150 seconds.
  path: Assets/Images/Obstacle/Toxiccloud1/toxiccloud1idle/toxiccloud-00.png
  artifactKey: Guid(5dd77797f2cdc8044a0fa1bb14f950b6) Importer(815301076,1909f56bfc062723c751e8b465ee728b)
Start importing Assets/Images/Obstacle/Toxiccloud1/toxiccloud1idle/toxiccloud-00.png using Guid(5dd77797f2cdc8044a0fa1bb14f950b6) Importer(815301076,1909f56bfc062723c751e8b465ee728b)  -> (artifact id: 'bb511a635c636d945d8ecd9b6a21bc0e') in 0.211571 seconds 
========================================================================
Received Import Request.
  Time since last request: 0.000049 seconds.
  path: Assets/Images/Obstacle/Toxiccloud1/toxiccloud1idle/toxiccloud-11.png
  artifactKey: Guid(1c1d01bded2d6d246aab1dc06d340c15) Importer(815301076,1909f56bfc062723c751e8b465ee728b)
Start importing Assets/Images/Obstacle/Toxiccloud1/toxiccloud1idle/toxiccloud-11.png using Guid(1c1d01bded2d6d246aab1dc06d340c15) Importer(815301076,1909f56bfc062723c751e8b465ee728b)  -> (artifact id: '1c7a68f1d0f22d2c39f2163f225e4f4c') in 0.086534 seconds 
========================================================================
Received Import Request.
  Time since last request: 0.000061 seconds.
  path: Assets/Images/Obstacle/Toxiccloud1/toxiccloud1idle/toxiccloud-12.png
  artifactKey: Guid(5ab9abcfd4fb1df4db87fb3b14db1fac) Importer(815301076,1909f56bfc062723c751e8b465ee728b)
Start importing Assets/Images/Obstacle/Toxiccloud1/toxiccloud1idle/toxiccloud-12.png using Guid(5ab9abcfd4fb1df4db87fb3b14db1fac) Importer(815301076,1909f56bfc062723c751e8b465ee728b)  -> (artifact id: '050ab00669d832834fafba3d0a6030f4') in 0.130612 seconds 
========================================================================
Received Import Request.
  Time since last request: 0.000043 seconds.
  path: Assets/Images/Obstacle/Toxiccloud1/toxiccloud1idle/toxiccloud-10.png
  artifactKey: Guid(80c3640952289d54ab3cc683d27cecf6) Importer(815301076,1909f56bfc062723c751e8b465ee728b)
Start importing Assets/Images/Obstacle/Toxiccloud1/toxiccloud1idle/toxiccloud-10.png using Guid(80c3640952289d54ab3cc683d27cecf6) Importer(815301076,1909f56bfc062723c751e8b465ee728b)  -> (artifact id: 'a91594873718747e2890d23892c8a266') in 0.115607 seconds 
========================================================================
Received Import Request.
  Time since last request: 0.000044 seconds.
  path: Assets/Images/Obstacle/Toxiccloud1/toxiccloud1idle/toxiccloud-06.png
  artifactKey: Guid(ca52f8a9a78cf284c9465f7e82a4ac32) Importer(815301076,1909f56bfc062723c751e8b465ee728b)
Start importing Assets/Images/Obstacle/Toxiccloud1/toxiccloud1idle/toxiccloud-06.png using Guid(ca52f8a9a78cf284c9465f7e82a4ac32) Importer(815301076,1909f56bfc062723c751e8b465ee728b)  -> (artifact id: 'a92e28643e305e84068dafbc69f9054e') in 0.108122 seconds 
========================================================================
Received Import Request.
  Time since last request: 0.000053 seconds.
  path: Assets/Images/Obstacle/Toxiccloud1/toxiccloud1idle/toxiccloud-01.png
  artifactKey: Guid(44a54e3d81ae9154ebf4ad2bd3558fa8) Importer(815301076,1909f56bfc062723c751e8b465ee728b)
Start importing Assets/Images/Obstacle/Toxiccloud1/toxiccloud1idle/toxiccloud-01.png using Guid(44a54e3d81ae9154ebf4ad2bd3558fa8) Importer(815301076,1909f56bfc062723c751e8b465ee728b)  -> (artifact id: '0b9c922f022d779b2c33bdf333b19b2f') in 0.111694 seconds 
========================================================================
Received Import Request.
  Time since last request: 0.000037 seconds.
  path: Assets/Images/Obstacle/Toxiccloud1/toxiccloud1idle/toxiccloud-02.png
  artifactKey: Guid(ef0d5965944c97d48923126927537926) Importer(815301076,1909f56bfc062723c751e8b465ee728b)
Start importing Assets/Images/Obstacle/Toxiccloud1/toxiccloud1idle/toxiccloud-02.png using Guid(ef0d5965944c97d48923126927537926) Importer(815301076,1909f56bfc062723c751e8b465ee728b)  -> (artifact id: '69676e70bd8c2eba23f4aafb4c905111') in 0.101380 seconds 
========================================================================
Received Import Request.
  Time since last request: 0.000047 seconds.
  path: Assets/Images/Obstacle/Toxiccloud1/toxiccloud1idle/toxiccloud-07.png
  artifactKey: Guid(1c7bd3f2c8e04154fb47f48d862ab09f) Importer(815301076,1909f56bfc062723c751e8b465ee728b)
Start importing Assets/Images/Obstacle/Toxiccloud1/toxiccloud1idle/toxiccloud-07.png using Guid(1c7bd3f2c8e04154fb47f48d862ab09f) Importer(815301076,1909f56bfc062723c751e8b465ee728b)  -> (artifact id: '7f1a591f0670f2d8465ab83856a4a418') in 0.094318 seconds 
========================================================================
Received Import Request.
  Time since last request: 0.000052 seconds.
  path: Assets/Images/Obstacle/Toxiccloud1/toxiccloud1idle/toxiccloud-08.png
  artifactKey: Guid(34d522aa4321c2c428470b3911e32b33) Importer(815301076,1909f56bfc062723c751e8b465ee728b)
Start importing Assets/Images/Obstacle/Toxiccloud1/toxiccloud1idle/toxiccloud-08.png using Guid(34d522aa4321c2c428470b3911e32b33) Importer(815301076,1909f56bfc062723c751e8b465ee728b)  -> (artifact id: '75ff92998343614c2f69d8672de96098') in 0.106932 seconds 
========================================================================
Received Import Request.
  Time since last request: 0.000053 seconds.
  path: Assets/Images/Obstacle/Toxiccloud1/toxiccloud1idle/toxiccloud-13.png
  artifactKey: Guid(3b150b02847f9df43939ca2416482688) Importer(815301076,1909f56bfc062723c751e8b465ee728b)
Start importing Assets/Images/Obstacle/Toxiccloud1/toxiccloud1idle/toxiccloud-13.png using Guid(3b150b02847f9df43939ca2416482688) Importer(815301076,1909f56bfc062723c751e8b465ee728b)  -> (artifact id: '55189e16c4036ade89e4ae9866bc7cf1') in 0.160698 seconds 
========================================================================
Received Import Request.
  Time since last request: 0.000070 seconds.
  path: Assets/Images/Obstacle/Toxiccloud1/toxiccloud1idle/toxiccloud-05.png
  artifactKey: Guid(e7223fc00efff394bbab23af7826e8a0) Importer(815301076,1909f56bfc062723c751e8b465ee728b)
Start importing Assets/Images/Obstacle/Toxiccloud1/toxiccloud1idle/toxiccloud-05.png using Guid(e7223fc00efff394bbab23af7826e8a0) Importer(815301076,1909f56bfc062723c751e8b465ee728b)  -> (artifact id: '71de3e68e043651b36d9624a9564793c') in 0.141624 seconds 
========================================================================
Received Import Request.
  Time since last request: 0.000063 seconds.
  path: Assets/Images/Obstacle/Toxiccloud1/toxiccloud1idle/toxiccloud-04.png
  artifactKey: Guid(2c8abc86046d31b4685a8183f30f7df3) Importer(815301076,1909f56bfc062723c751e8b465ee728b)
Start importing Assets/Images/Obstacle/Toxiccloud1/toxiccloud1idle/toxiccloud-04.png using Guid(2c8abc86046d31b4685a8183f30f7df3) Importer(815301076,1909f56bfc062723c751e8b465ee728b)  -> (artifact id: 'e8a77ba9328d3eb231d21e416ee57421') in 0.185282 seconds 
========================================================================
Received Import Request.
  Time since last request: 0.000054 seconds.
  path: Assets/Images/Obstacle/Toxiccloud1/toxiccloud1idle/toxiccloud-03.png
  artifactKey: Guid(f8898fb4f8cd07545a3efbcb5fb37920) Importer(815301076,1909f56bfc062723c751e8b465ee728b)
Start importing Assets/Images/Obstacle/Toxiccloud1/toxiccloud1idle/toxiccloud-03.png using Guid(f8898fb4f8cd07545a3efbcb5fb37920) Importer(815301076,1909f56bfc062723c751e8b465ee728b)  -> (artifact id: 'df6e98b2eed2d9c27bad22b190846ee4') in 0.087963 seconds 
========================================================================
Received Import Request.
  Time since last request: 0.000050 seconds.
  path: Assets/Images/Obstacle/Toxiccloud1/toxiccloud1idle/toxiccloud-09.png
  artifactKey: Guid(f8fd48b7df6ba3c4c82a4d4671f8219e) Importer(815301076,1909f56bfc062723c751e8b465ee728b)
Start importing Assets/Images/Obstacle/Toxiccloud1/toxiccloud1idle/toxiccloud-09.png using Guid(f8fd48b7df6ba3c4c82a4d4671f8219e) Importer(815301076,1909f56bfc062723c751e8b465ee728b)  -> (artifact id: 'ae4d54ca6e2fceb21b3407b2249595ce') in 0.097896 seconds 
========================================================================
Received Import Request.
  Time since last request: 69.688957 seconds.
  path: Assets/Images/Obstacle/Toxiccloud1/toxiccloud1idle/toxiccloud-00.controller
  artifactKey: Guid(bdb0279624457dd4091f609380a2e3fa) Importer(815301076,1909f56bfc062723c751e8b465ee728b)
Start importing Assets/Images/Obstacle/Toxiccloud1/toxiccloud1idle/toxiccloud-00.controller using Guid(bdb0279624457dd4091f609380a2e3fa) Importer(815301076,1909f56bfc062723c751e8b465ee728b)  -> (artifact id: '5c424699768bf0a003f7787d3eb728c1') in 0.029286 seconds 
========================================================================
Received Import Request.
  Time since last request: 5.483067 seconds.
  path: Assets/Images/Obstacle/Toxiccloud1/toxiccloud-00.controller
  artifactKey: Guid(6b5ac7780aaabce4e89649f62bb14089) Importer(815301076,1909f56bfc062723c751e8b465ee728b)
Start importing Assets/Images/Obstacle/Toxiccloud1/toxiccloud-00.controller using Guid(6b5ac7780aaabce4e89649f62bb14089) Importer(815301076,1909f56bfc062723c751e8b465ee728b)  -> (artifact id: '313258f1c980bbb42626f92306836f64') in 0.006861 seconds 
========================================================================
Received Import Request.
  Time since last request: 67.666548 seconds.
  path: Assets/Images/Obstacle/Toxiccloud1/toxiccloud-00 1.controller
  artifactKey: Guid(bdb0279624457dd4091f609380a2e3fa) Importer(815301076,1909f56bfc062723c751e8b465ee728b)
Start importing Assets/Images/Obstacle/Toxiccloud1/toxiccloud-00 1.controller using Guid(bdb0279624457dd4091f609380a2e3fa) Importer(815301076,1909f56bfc062723c751e8b465ee728b)  -> (artifact id: '018563dcd4150aae444bfa7102a2fcf8') in 0.028784 seconds 
========================================================================
Received Import Request.
  Time since last request: 7.985858 seconds.
  path: Assets/Images/Obstacle/Toxiccloud1/Toxic Cloud 1 Exploding
  artifactKey: Guid(2cb2e2ca7a5f37348a4c74deda9f83dd) Importer(815301076,1909f56bfc062723c751e8b465ee728b)
Start importing Assets/Images/Obstacle/Toxiccloud1/Toxic Cloud 1 Exploding using Guid(2cb2e2ca7a5f37348a4c74deda9f83dd) Importer(815301076,1909f56bfc062723c751e8b465ee728b)  -> (artifact id: '54c623b19ddb8f18a95a3576725fdb37') in 0.023280 seconds 
========================================================================
Received Import Request.
  Time since last request: 0.004486 seconds.
  path: Assets/Images/Obstacle/Toxiccloud1/Toxic Cloud 1 Exploding/toxiccloud1-destroyed-01.png
  artifactKey: Guid(8a8ea4ab846d20c42bf9b3334d1b615a) Importer(815301076,1909f56bfc062723c751e8b465ee728b)
Start importing Assets/Images/Obstacle/Toxiccloud1/Toxic Cloud 1 Exploding/toxiccloud1-destroyed-01.png using Guid(8a8ea4ab846d20c42bf9b3334d1b615a) Importer(815301076,1909f56bfc062723c751e8b465ee728b)  -> (artifact id: '3a01a2ca9e22c0f2f6b982a34583fa3e') in 0.104274 seconds 
========================================================================
Received Import Request.
  Time since last request: 0.000039 seconds.
  path: Assets/Images/Obstacle/Toxiccloud1/Toxic Cloud 1 Exploding/toxiccloud1-destroyed-05.png
  artifactKey: Guid(b7b6e70c8fd753c4bb3c491bd8459d2e) Importer(815301076,1909f56bfc062723c751e8b465ee728b)
Start importing Assets/Images/Obstacle/Toxiccloud1/Toxic Cloud 1 Exploding/toxiccloud1-destroyed-05.png using Guid(b7b6e70c8fd753c4bb3c491bd8459d2e) Importer(815301076,1909f56bfc062723c751e8b465ee728b)  -> (artifact id: 'ad385af75d4092d11dae0af9108e4f6f') in 0.108222 seconds 
========================================================================
Received Import Request.
  Time since last request: 0.000050 seconds.
  path: Assets/Images/Obstacle/Toxiccloud1/Toxic Cloud 1 Exploding/toxiccloud1-destroyed-10.png
  artifactKey: Guid(507d8b865f918a2489a93da5c9b0118d) Importer(815301076,1909f56bfc062723c751e8b465ee728b)
Start importing Assets/Images/Obstacle/Toxiccloud1/Toxic Cloud 1 Exploding/toxiccloud1-destroyed-10.png using Guid(507d8b865f918a2489a93da5c9b0118d) Importer(815301076,1909f56bfc062723c751e8b465ee728b)  -> (artifact id: '928039377a7490c78592d14ba93f1d9d') in 0.113794 seconds 
========================================================================
Received Import Request.
  Time since last request: 0.000069 seconds.
  path: Assets/Images/Obstacle/Toxiccloud1/Toxic Cloud 1 Exploding/toxiccloud1-destroyed-09.png
  artifactKey: Guid(611bee3aa6f269f438a27d616e4ffe8e) Importer(815301076,1909f56bfc062723c751e8b465ee728b)
Start importing Assets/Images/Obstacle/Toxiccloud1/Toxic Cloud 1 Exploding/toxiccloud1-destroyed-09.png using Guid(611bee3aa6f269f438a27d616e4ffe8e) Importer(815301076,1909f56bfc062723c751e8b465ee728b)  -> (artifact id: '851e5cd70d85f1279d545c3fa27163ba') in 0.113417 seconds 
========================================================================
Received Import Request.
  Time since last request: 0.000041 seconds.
  path: Assets/Images/Obstacle/Toxiccloud1/Toxic Cloud 1 Exploding/toxiccloud1-destroyed-08.png
  artifactKey: Guid(2c4d877fe348f1e4c9acd34239a46918) Importer(815301076,1909f56bfc062723c751e8b465ee728b)
Start importing Assets/Images/Obstacle/Toxiccloud1/Toxic Cloud 1 Exploding/toxiccloud1-destroyed-08.png using Guid(2c4d877fe348f1e4c9acd34239a46918) Importer(815301076,1909f56bfc062723c751e8b465ee728b)  -> (artifact id: 'ba260e17573e4234612087e382c63622') in 0.121414 seconds 
========================================================================
Received Import Request.
  Time since last request: 0.000044 seconds.
  path: Assets/Images/Obstacle/Toxiccloud1/Toxic Cloud 1 Exploding/toxiccloud1-destroyed-07.png
  artifactKey: Guid(b4fda58215cb0304fa18747fdf9656f7) Importer(815301076,1909f56bfc062723c751e8b465ee728b)
Start importing Assets/Images/Obstacle/Toxiccloud1/Toxic Cloud 1 Exploding/toxiccloud1-destroyed-07.png using Guid(b4fda58215cb0304fa18747fdf9656f7) Importer(815301076,1909f56bfc062723c751e8b465ee728b)  -> (artifact id: 'd0d21d48c89af53bee72036d583ac258') in 0.111535 seconds 
========================================================================
Received Import Request.
  Time since last request: 0.000072 seconds.
  path: Assets/Images/Obstacle/Toxiccloud1/Toxic Cloud 1 Exploding/toxiccloud1-destroyed-03.png
  artifactKey: Guid(88c36ba9a2c4d0f44b1367cf13fb6891) Importer(815301076,1909f56bfc062723c751e8b465ee728b)
Start importing Assets/Images/Obstacle/Toxiccloud1/Toxic Cloud 1 Exploding/toxiccloud1-destroyed-03.png using Guid(88c36ba9a2c4d0f44b1367cf13fb6891) Importer(815301076,1909f56bfc062723c751e8b465ee728b)  -> (artifact id: '16fd8daa2437b59606155bfcfcf192c3') in 0.102618 seconds 
========================================================================
Received Import Request.
  Time since last request: 0.000050 seconds.
  path: Assets/Images/Obstacle/Toxiccloud1/Toxic Cloud 1 Exploding/toxiccloud1-destroyed-06.png
  artifactKey: Guid(e6400f67b024fdb47a648eb82621cadf) Importer(815301076,1909f56bfc062723c751e8b465ee728b)
Start importing Assets/Images/Obstacle/Toxiccloud1/Toxic Cloud 1 Exploding/toxiccloud1-destroyed-06.png using Guid(e6400f67b024fdb47a648eb82621cadf) Importer(815301076,1909f56bfc062723c751e8b465ee728b)  -> (artifact id: 'bd2d1da2d8fa1c0391182988235685c8') in 0.100964 seconds 
========================================================================
Received Import Request.
  Time since last request: 0.000060 seconds.
  path: Assets/Images/Obstacle/Toxiccloud1/Toxic Cloud 1 Exploding/toxiccloud1-destroyed-04.png
  artifactKey: Guid(41f700564cc48704cbfabd7ab6a87f15) Importer(815301076,1909f56bfc062723c751e8b465ee728b)
Start importing Assets/Images/Obstacle/Toxiccloud1/Toxic Cloud 1 Exploding/toxiccloud1-destroyed-04.png using Guid(41f700564cc48704cbfabd7ab6a87f15) Importer(815301076,1909f56bfc062723c751e8b465ee728b)  -> (artifact id: 'c0225cfee3eb1b5bd594173b785ab647') in 0.110409 seconds 
========================================================================
Received Import Request.
  Time since last request: 0.000102 seconds.
  path: Assets/Images/Obstacle/Toxiccloud1/Toxic Cloud 1 Exploding/toxiccloud1-destroyed-02.png
  artifactKey: Guid(2891ca0d28c8d8445b0057fef6c1618b) Importer(815301076,1909f56bfc062723c751e8b465ee728b)
Start importing Assets/Images/Obstacle/Toxiccloud1/Toxic Cloud 1 Exploding/toxiccloud1-destroyed-02.png using Guid(2891ca0d28c8d8445b0057fef6c1618b) Importer(815301076,1909f56bfc062723c751e8b465ee728b)  -> (artifact id: '36961ec418296c7db2e20ccdfe6f7e05') in 0.105438 seconds 
========================================================================
Received Import Request.
  Time since last request: 556.635321 seconds.
  path: Assets/Images/Player/dugong-00.controller
  artifactKey: Guid(908a93e7cb62b0d469379656d518de57) Importer(815301076,1909f56bfc062723c751e8b465ee728b)
Start importing Assets/Images/Player/dugong-00.controller using Guid(908a93e7cb62b0d469379656d518de57) Importer(815301076,1909f56bfc062723c751e8b465ee728b)  -> (artifact id: '45ebac7d3bc3e4231c94568f09842011') in 0.079080 seconds 
